2021-01-02T05:48:27+00:00 CRITICAL Cannot redeclare register_nav_menus() (previously declared in /Applications/XAMPP/xamppfiles/htdocs/shopcongnghe/wp-includes/nav-menu.php:90) in /Applications/XAMPP/xamppfiles/htdocs/shopcongnghe/wp-content/themes/wordpress-bootstrap-master/functions.php on line 6

2021-01-02T05:48:27+00:00 CRITICAL Cannot redeclare register_nav_menus() (previously declared in /Applications/XAMPP/xamppfiles/htdocs/shopcongnghe/wp-includes/nav-menu.php:90) in /Applications/XAMPP/xamppfiles/htdocs/shopcongnghe/wp-content/themes/wordpress-bootstrap-master/functions.php on line 6

2021-01-02T17:46:31+00:00 CRITICAL Uncaught Error: Call to a member function get_id() on null in /Applications/XAMPP/xamppfiles/htdocs/shopcongnghe/wp-content/themes/banhang/header.php:83
Stack trace:
#0 /Applications/XAMPP/xamppfiles/htdocs/shopcongnghe/wp-includes/template.php(723): require_once()
#1 /Applications/XAMPP/xamppfiles/htdocs/shopcongnghe/wp-includes/template.php(672): load_template('/Applications/X...', true)
#2 /Applications/XAMPP/xamppfiles/htdocs/shopcongnghe/wp-includes/general-template.php(41): locate_template(Array, true)
#3 /Applications/XAMPP/xamppfiles/htdocs/shopcongnghe/wp-content/themes/banhang/page.php(1): get_header()
#4 /Applications/XAMPP/xamppfiles/htdocs/shopcongnghe/wp-includes/template-loader.php(106): include('/Applications/X...')
#5 /Applications/XAMPP/xamppfiles/htdocs/shopcongnghe/wp-blog-header.php(19): require_once('/Applications/X...')
#6 /Applications/XAMPP/xamppfiles/htdocs/shopcongnghe/index.php(17): require('/Applications/X...')
#7 {main}
  thrown in /Applications/XAMPP/xamppfiles/htdocs/shopcongnghe/wp-content/themes/banhang/header.php on line 83

2021-01-02T17:47:23+00:00 CRITICAL Uncaught Error: Call to a member function get_stock_managed_by_id() on null in /Applications/XAMPP/xamppfiles/htdocs/shopcongnghe/wp-content/themes/banhang/header.php:89
Stack trace:
#0 /Applications/XAMPP/xamppfiles/htdocs/shopcongnghe/wp-includes/template.php(723): require_once()
#1 /Applications/XAMPP/xamppfiles/htdocs/shopcongnghe/wp-includes/template.php(672): load_template('/Applications/X...', true)
#2 /Applications/XAMPP/xamppfiles/htdocs/shopcongnghe/wp-includes/general-template.php(41): locate_template(Array, true)
#3 /Applications/XAMPP/xamppfiles/htdocs/shopcongnghe/wp-content/themes/banhang/page.php(1): get_header()
#4 /Applications/XAMPP/xamppfiles/htdocs/shopcongnghe/wp-includes/template-loader.php(106): include('/Applications/X...')
#5 /Applications/XAMPP/xamppfiles/htdocs/shopcongnghe/wp-blog-header.php(19): require_once('/Applications/X...')
#6 /Applications/XAMPP/xamppfiles/htdocs/shopcongnghe/index.php(17): require('/Applications/X...')
#7 {main}
  thrown in /Applications/XAMPP/xamppfiles/htdocs/shopcongnghe/wp-content/themes/banhang/header.php on line 89

